<?xml version="1.0" encoding="UTF-8"?>
<testng-results ignored="0" total="1" passed="1" failed="0" skipped="0">
  <reporter-output>
  </reporter-output>
  <suite started-at="2022-12-05T20:10:35 IST" name="Default suite" finished-at="2022-12-05T20:11:14 IST" duration-ms="39078">
    <groups>
    </groups>
    <test started-at="2022-12-05T20:10:35 IST" name="Default test" finished-at="2022-12-05T20:11:14 IST" duration-ms="39078">
      <class name="temp.SwiggyWebApplication">
        <test-method signature="Testcase()[pri:0, instance:temp.SwiggyWebApplication@10d307f1]" started-at="2022-12-05T20:10:35 IST" name="Testcase" finished-at="2022-12-05T20:11:14 IST" duration-ms="39008" status="PASS">
          <reporter-output>
          </reporter-output>
        </test-method> <!-- Testcase -->
      </class> <!-- temp.SwiggyWebApplication -->
    </test> <!-- Default test -->
  </suite> <!-- Default suite -->
</testng-results>
